Fri Jun 30 2017 23:19:05 GMT+0700 (ICT): GET /
Fri Jun 30 2017 23:20:06 GMT+0700 (ICT): GET /
Fri Jun 30 2017 23:20:27 GMT+0700 (ICT): GET /
Fri Jun 30 2017 23:20:29 GMT+0700 (ICT): GET /about
Fri Jun 30 2017 23:20:32 GMT+0700 (ICT): GET /about
Fri Jun 30 2017 23:26:18 GMT+0700 (ICT): GET /about
Fri Jun 30 2017 23:26:22 GMT+0700 (ICT): GET /about
Fri Jun 30 2017 23:26:30 GMT+0700 (ICT): GET /maintenance
Fri Jun 30 2017 23:26:58 GMT+0700 (ICT): GET /maintenance
Fri Jun 30 2017 23:28:57 GMT+0700 (ICT): GET /maintenance
Fri Jun 30 2017 23:29:20 GMT+0700 (ICT): GET /maintenance
Fri Jun 30 2017 23:30:33 GMT+0700 (ICT): GET /maintenance
Fri Jun 30 2017 23:30:52 GMT+0700 (ICT): GET /maintenance
Fri Jun 30 2017 23:31:39 GMT+0700 (ICT): GET /
Fri Jun 30 2017 23:33:12 GMT+0700 (ICT): GET /
Fri Jun 30 2017 23:34:28 GMT+0700 (ICT): GET /
Fri Jun 30 2017 23:36:26 GMT+0700 (ICT): GET /
Fri Jun 30 2017 23:37:23 GMT+0700 (ICT): GET /
Fri Jun 30 2017 23:38:04 GMT+0700 (ICT): GET /
Fri Jun 30 2017 23:38:16 GMT+0700 (ICT): GET /maintenance
Fri Jun 30 2017 23:39:48 GMT+0700 (ICT): GET /maintenance
Fri Jun 30 2017 23:40:09 GMT+0700 (ICT): GET /maintenance
Fri Jun 30 2017 23:40:13 GMT+0700 (ICT): GET /maintenance
Fri Jun 30 2017 23:40:16 GMT+0700 (ICT): GET /
Fri Jun 30 2017 23:40:50 GMT+0700 (ICT): GET /
Fri Jun 30 2017 23:40:56 GMT+0700 (ICT): GET /about
Sat Jul 01 2017 11:37:46 GMT+0700 (ICT): GET /
Sat Jul 01 2017 11:37:46 GMT+0700 (ICT): GET /favicon.ico
Sat Jul 01 2017 11:52:30 GMT+0700 (ICT): GET /
Sat Jul 01 2017 11:52:30 GMT+0700 (ICT): GET /favicon.ico
Sat Jul 01 2017 11:52:32 GMT+0700 (ICT): GET /projects
Sat Jul 01 2017 11:52:35 GMT+0700 (ICT): GET /about
Sat Jul 01 2017 11:52:36 GMT+0700 (ICT): GET /
Sat Jul 01 2017 11:52:36 GMT+0700 (ICT): GET /about
Sat Jul 01 2017 11:52:37 GMT+0700 (ICT): GET /projects
Sat Jul 01 2017 11:52:37 GMT+0700 (ICT): GET /about
